  stdafx.cpp
d:\github\chan-ho-park\너구리\image.h(134): warning C4244: '인수': 'float'에서 'int'(으)로 변환하면서 데이터가 손실될 수 있습니다.
  Carrot.cpp
  gameNode.cpp
d:\github\chan-ho-park\너구리\gamenode.cpp(88): warning C4101: 'hdc' :참조되지 않은 지역 변수입니다.
d:\github\chan-ho-park\너구리\gamenode.cpp(87): warning C4101: 'ps' :참조되지 않은 지역 변수입니다.
  image.cpp
d:\github\chan-ho-park\너구리\image.cpp(98): error C2664: 'HANDLE LoadImageW(HINSTANCE,LPCWSTR,UINT,int,int,UINT)': 인수 2을(를) 'const char *'에서 'LPCWSTR'(으)로 변환할 수 없습니다.
  d:\github\chan-ho-park\너구리\image.cpp(102): note: 가리킨 형식이 관련이 없습니다. 변환하려면 reinterpret_cast, C 스타일 캐스트 또는 함수 스타일 캐스트가 필요합니다.
d:\github\chan-ho-park\너구리\image.cpp(108): warning C4267: '초기화 중': 'size_t'에서 'int'(으)로 변환하면서 데이터가 손실될 수 있습니다.
d:\github\chan-ho-park\너구리\image.cpp(160): error C2664: 'HANDLE LoadImageW(HINSTANCE,LPCWSTR,UINT,int,int,UINT)': 인수 2을(를) 'const char *'에서 'LPCWSTR'(으)로 변환할 수 없습니다.
  d:\github\chan-ho-park\너구리\image.cpp(160): note: 가리킨 형식이 관련이 없습니다. 변환하려면 reinterpret_cast, C 스타일 캐스트 또는 함수 스타일 캐스트가 필요합니다.
d:\github\chan-ho-park\너구리\image.cpp(167): warning C4267: '초기화 중': 'size_t'에서 'int'(으)로 변환하면서 데이터가 손실될 수 있습니다.
d:\github\chan-ho-park\너구리\image.cpp(220): error C2664: 'HANDLE LoadImageW(HINSTANCE,LPCWSTR,UINT,int,int,UINT)': 인수 2을(를) 'const char *'에서 'LPCWSTR'(으)로 변환할 수 없습니다.
  d:\github\chan-ho-park\너구리\image.cpp(225): note: 가리킨 형식이 관련이 없습니다. 변환하려면 reinterpret_cast, C 스타일 캐스트 또는 함수 스타일 캐스트가 필요합니다.
d:\github\chan-ho-park\너구리\image.cpp(236): warning C4267: '초기화 중': 'size_t'에서 'int'(으)로 변환하면서 데이터가 손실될 수 있습니다.
d:\github\chan-ho-park\너구리\image.cpp(289): error C2664: 'HANDLE LoadImageW(HINSTANCE,LPCWSTR,UINT,int,int,UINT)': 인수 2을(를) 'const char *'에서 'LPCWSTR'(으)로 변환할 수 없습니다.
  d:\github\chan-ho-park\너구리\image.cpp(294): note: 가리킨 형식이 관련이 없습니다. 변환하려면 reinterpret_cast, C 스타일 캐스트 또는 함수 스타일 캐스트가 필요합니다.
d:\github\chan-ho-park\너구리\image.cpp(308): warning C4267: '초기화 중': 'size_t'에서 'int'(으)로 변환하면서 데이터가 손실될 수 있습니다.
d:\github\chan-ho-park\너구리\image.cpp(654): warning C4244: '인수': 'float'에서 'int'(으)로 변환하면서 데이터가 손실될 수 있습니다.
d:\github\chan-ho-park\너구리\image.cpp(659): warning C4244: '인수': 'float'에서 'int'(으)로 변환하면서 데이터가 손실될 수 있습니다.
d:\github\chan-ho-park\너구리\image.cpp(666): warning C4244: '인수': 'float'에서 'int'(으)로 변환하면서 데이터가 손실될 수 있습니다.
  imageManager.cpp
  Item.cpp
  ItemControl.cpp
d:\github\chan-ho-park\너구리\itemcontrol.cpp(64): error C2665: 'std::swap': 3개의 오버로드 중 모든 인수 형식을 변환할 수 있는 오버로드가 없습니다.
  c:\program files (x86)\microsoft visual studio\2017\community\vc\tools\msvc\14.16.27023\include\exception(316): note: 'void std::swap(std::exception_ptr &,std::exception_ptr &) noexcept'일 수 있습니다.
  c:\program files (x86)\microsoft visual studio\2017\community\vc\tools\msvc\14.16.27023\include\vector(1977): note: 또는       'void std::swap<Item*,std::allocator<_Ty>>(std::vector<_Ty,std::allocator<_Ty>> &,std::vector<_Ty,std::allocator<_Ty>> &) noexcept'
          with
          [
              _Ty=Item *
          ]
  c:\program files (x86)\microsoft visual studio\2017\community\vc\tools\msvc\14.16.27023\include\utility(63): note: 또는       'void std::swap<ItemControl::vItems,void>(_Ty &,_Ty &) noexcept(<expr>)'
          with
          [
              _Ty=ItemControl::vItems
          ]
  d:\github\chan-ho-park\너구리\itemcontrol.cpp(64): note: 인수 목록 '(ItemControl::vItems, ItemControl::vItems)'을(를) 일치시키는 동안
d:\github\chan-ho-park\너구리\itemcontrol.cpp(109): error C2665: 'std::swap': 3개의 오버로드 중 모든 인수 형식을 변환할 수 있는 오버로드가 없습니다.
  c:\program files (x86)\microsoft visual studio\2017\community\vc\tools\msvc\14.16.27023\include\exception(316): note: 'void std::swap(std::exception_ptr &,std::exception_ptr &) noexcept'일 수 있습니다.
  c:\program files (x86)\microsoft visual studio\2017\community\vc\tools\msvc\14.16.27023\include\vector(1977): note: 또는       'void std::swap<Item*,std::allocator<_Ty>>(std::vector<_Ty,std::allocator<_Ty>> &,std::vector<_Ty,std::allocator<_Ty>> &) noexcept'
          with
          [
              _Ty=Item *
          ]
  c:\program files (x86)\microsoft visual studio\2017\community\vc\tools\msvc\14.16.27023\include\utility(63): note: 또는       'void std::swap<ItemControl::vItems,void>(_Ty &,_Ty &) noexcept(<expr>)'
          with
          [
              _Ty=ItemControl::vItems
          ]
  d:\github\chan-ho-park\너구리\itemcontrol.cpp(109): note: 인수 목록 '(ItemControl::vItems, ItemControl::vItems)'을(를) 일치시키는 동안
  Jar.cpp
  keyManager.cpp
  mainGame.cpp
  Map.cpp
  sceneManager.cpp
  soundManager.cpp
d:\github\chan-ho-park\너구리\soundmanager.cpp(34): warning C4554: '|': 연산자 우선 순위에 오류가 있는지 확인하세요. 괄호를 사용하여 우선 순위를 명확하게 지정하세요.
  Stage.cpp
  timeManager.cpp
d:\github\chan-ho-park\너구리\timemanager.cpp(54): error C2664: 'BOOL TextOutW(HDC,int,int,LPCWSTR,int)': 인수 4을(를) 'char [256]'에서 'LPCWSTR'(으)로 변환할 수 없습니다.
  d:\github\chan-ho-park\너구리\timemanager.cpp(54): note: 가리킨 형식이 관련이 없습니다. 변환하려면 reinterpret_cast, C 스타일 캐스트 또는 함수 스타일 캐스트가 필요합니다.
d:\github\chan-ho-park\너구리\timemanager.cpp(58): error C2664: 'BOOL TextOutW(HDC,int,int,LPCWSTR,int)': 인수 4을(를) 'char [256]'에서 'LPCWSTR'(으)로 변환할 수 없습니다.
  d:\github\chan-ho-park\너구리\timemanager.cpp(58): note: 가리킨 형식이 관련이 없습니다. 변환하려면 reinterpret_cast, C 스타일 캐스트 또는 함수 스타일 캐스트가 필요합니다.
d:\github\chan-ho-park\너구리\timemanager.cpp(61): error C2664: 'BOOL TextOutW(HDC,int,int,LPCWSTR,int)': 인수 4을(를) 'char [256]'에서 'LPCWSTR'(으)로 변환할 수 없습니다.
  d:\github\chan-ho-park\너구리\timemanager.cpp(61): note: 가리킨 형식이 관련이 없습니다. 변환하려면 reinterpret_cast, C 스타일 캐스트 또는 함수 스타일 캐스트가 필요합니다.
  timer.cpp
d:\github\chan-ho-park\너구리\timer.cpp(101): error C2664: 'int wsprintfW(LPWSTR,LPCWSTR,...)': 인수 1을(를) 'char *'에서 'LPWSTR'(으)로 변환할 수 없습니다.
  d:\github\chan-ho-park\너구리\timer.cpp(101): note: 가리킨 형식이 관련이 없습니다. 변환하려면 reinterpret_cast, C 스타일 캐스트 또는 함수 스타일 캐스트가 필요합니다.
  txtData.cpp
d:\github\chan-ho-park\너구리\txtdata.cpp(28): error C2664: 'HANDLE CreateFileW(LPCWSTR,DWORD,DWORD,LPSECURITY_ATTRIBUTES,DWORD,DWORD,HANDLE)': 인수 1을(를) 'char *'에서 'LPCWSTR'(으)로 변환할 수 없습니다.
  d:\github\chan-ho-park\너구리\txtdata.cpp(35): note: 가리킨 형식이 관련이 없습니다. 변환하려면 reinterpret_cast, C 스타일 캐스트 또는 함수 스타일 캐스트가 필요합니다.
d:\github\chan-ho-park\너구리\txtdata.cpp(65): error C2664: 'HANDLE CreateFileW(LPCWSTR,DWORD,DWORD,LPSECURITY_ATTRIBUTES,DWORD,DWORD,HANDLE)': 인수 1을(를) 'char *'에서 'LPCWSTR'(으)로 변환할 수 없습니다.
  d:\github\chan-ho-park\너구리\txtdata.cpp(72): note: 가리킨 형식이 관련이 없습니다. 변환하려면 reinterpret_cast, C 스타일 캐스트 또는 함수 스타일 캐스트가 필요합니다.
d:\github\chan-ho-park\너구리\txtdata.cpp(82): error C2440: '초기화 중': 'const char [2]'에서 'char *'(으)로 변환할 수 없습니다.
  d:\github\chan-ho-park\너구리\txtdata.cpp(82): note: 문자열 리터럴로부터의 변환은 const 한정자가 손실됩니다(/Zc:strictStrings 참조).
  utils.cpp
d:\github\chan-ho-park\너구리\utils.cpp(27): warning C4305: '-=': 'double'에서 'float'(으)로 잘립니다.
  winMain.cpp
d:\github\chan-ho-park\너구리\winmain.cpp(15): error C2440: '초기화 중': 'const wchar_t [13]'에서 'LPTSTR'(으)로 변환할 수 없습니다.
  d:\github\chan-ho-park\너구리\winmain.cpp(15): note: 문자열 리터럴로부터의 변환은 const 한정자가 손실됩니다(/Zc:strictStrings 참조).
d:\github\chan-ho-park\너구리\winmain.cpp(128): warning C4244: 'return': 'WPARAM'에서 'int'(으)로 변환하면서 데이터가 손실될 수 있습니다.
  코드를 생성하고 있습니다...
